Using pre-set license
Built from '2020.3/staging' branch; Version is '2020.3.3f1 (76626098c1c4) revision 7758432'; Using compiler version '192528614'; Build Type 'Release'
OS: 'Windows 10 Home; OS build 19041.985; Version 2004; 64bit' Language: 'de' Physical Memory: 16299 MB
BatchMode: 1, IsHumanControllingUs: 0, StartBugReporterOnCrash: 0, Is64bit: 1, IsPro: 0

 COMMAND LINE ARGUMENTS:
C:\Program Files\2020.3.3f1\Editor\Unity.exe
-adb2
-batchMode
-noUpm
-name
AssetImportWorker0
-projectPath
C:/Users/Pegin/Documents/GitHub/DoodleJump/Doodle Jump
-logFile
Logs/AssetImportWorker0.log
-srvPort
63238
Successfully changed project path to: C:/Users/Pegin/Documents/GitHub/DoodleJump/Doodle Jump
C:/Users/Pegin/Documents/GitHub/DoodleJump/Doodle Jump
Using Asset Import Pipeline V2.
Refreshing native plugins compatible for Editor in 60.95 ms, found 0 plugins.
Preloading 0 native plugins for Editor in 0.00 ms.
Initialize engine version: 2020.3.3f1 (76626098c1c4)
[Subsystems] Discovering subsystems at path C:/Program Files/2020.3.3f1/Editor/Data/Resources/UnitySubsystems
[Subsystems] Discovering subsystems at path C:/Users/Pegin/Documents/GitHub/DoodleJump/Doodle Jump/Assets
GfxDevice: creating device client; threaded=0
Direct3D:
    Version:  Direct3D 11.0 [level 11.1]
    Renderer: NVIDIA GeForce GTX 1650 SUPER (ID=0x2187)
    Vendor:   
    VRAM:     3955 MB
    Driver:   27.21.14.6647
Initialize mono
Mono path[0] = 'C:/Program Files/2020.3.3f1/Editor/Data/Managed'
Mono path[1] = 'C:/Program Files/2020.3.3f1/Editor/Data/MonoBleedingEdge/lib/mono/unityjit'
Mono config path = 'C:/Program Files/2020.3.3f1/Editor/Data/MonoBleedingEdge/etc'
Using monoOptions --debugger-agent=transport=dt_socket,embedding=1,server=y,suspend=n,address=127.0.0.1:56516
Begin MonoManager ReloadAssembly
Registering precompiled unity dll's ...
Register platform support module: C:/Program Files/2020.3.3f1/Editor/Data/PlaybackEngines/WebGLSupport/UnityEditor.WebGL.Extensions.dll
Register platform support module: C:/Program Files/2020.3.3f1/Editor/Data/PlaybackEngines/WindowsStandaloneSupport/UnityEditor.WindowsStandalone.Extensions.dll
Registered in 0.006456 seconds.
Native extension for WindowsStandalone target not found
Native extension for WebGL target not found
Refreshing native plugins compatible for Editor in 46.94 ms, found 0 plugins.
Preloading 0 native plugins for Editor in 0.00 ms.
Invoked RoslynAnalysisRunner static constructor.
RoslynAnalysisRunner will not be running.
RoslynAnalysisRunner has terminated.
Mono: successfully reloaded assembly
- Completed reload, in  3.429 seconds
Platform modules already initialized, skipping
Registering precompiled user dll's ...
Registered in 0.004367 seconds.
Begin MonoManager ReloadAssembly
Native extension for WindowsStandalone target not found
Native extension for WebGL target not found
Refreshing native plugins compatible for Editor in 0.45 ms, found 0 plugins.
Preloading 0 native plugins for Editor in 0.00 ms.
Invoked RoslynAnalysisRunner static constructor.
RoslynAnalysisRunner will not be running.
RoslynAnalysisRunner has terminated.
Mono: successfully reloaded assembly
- Completed reload, in  1.232 seconds
Platform modules already initialized, skipping
========================================================================
Worker process is ready to serve import requests
Launched and connected shader compiler UnityShaderCompiler.exe after 0.07 seconds
Refreshing native plugins compatible for Editor in 0.47 ms, found 0 plugins.
Preloading 0 native plugins for Editor in 0.00 ms.
Unloading 1397 Unused Serialized files (Serialized files now loaded: 0)
System memory in use before: 64.3 MB.
System memory in use after: 64.4 MB.

Unloading 33 unused Assets to reduce memory usage. Loaded Objects now: 1825.
Total: 3.156900 ms (FindLiveObjects: 0.957000 ms CreateObjectMapping: 0.141300 ms MarkObjects: 1.971900 ms  DeleteObjects: 0.084900 ms)

========================================================================
Received Import Request.
  path: Assets/Prefabs/Platform.prefab
  artifactKey: Guid(c90cd9c1b10573249a3923646b4a139d) Importer(815301076,1909f56bfc062723c751e8b465ee728b)
Start importing Assets/Prefabs/Platform.prefab using Guid(c90cd9c1b10573249a3923646b4a139d) Importer(815301076,1909f56bfc062723c751e8b465ee728b)  -> (artifact id: '601532d7847288a65956da5995978244') in 0.153966 seconds
  Import took 0.157221 seconds .

========================================================================
Received Prepare
Registering precompiled user dll's ...
Registered in 0.004439 seconds.
Begin MonoManager ReloadAssembly
Native extension for WindowsStandalone target not found
Native extension for WebGL target not found
Refreshing native plugins compatible for Editor in 0.47 ms, found 0 plugins.
Preloading 0 native plugins for Editor in 0.00 ms.
Invoked RoslynAnalysisRunner static constructor.
RoslynAnalysisRunner will not be running.
RoslynAnalysisRunner has terminated.
Mono: successfully reloaded assembly
- Completed reload, in  2.298 seconds
Platform modules already initialized, skipping
Refreshing native plugins compatible for Editor in 0.48 ms, found 0 plugins.
Preloading 0 native plugins for Editor in 0.00 ms.
Unloading 1393 Unused Serialized files (Serialized files now loaded: 0)
System memory in use before: 67.4 MB.
System memory in use after: 67.5 MB.

Unloading 24 unused Assets to reduce memory usage. Loaded Objects now: 1836.
Total: 3.288600 ms (FindLiveObjects: 0.160500 ms CreateObjectMapping: 0.052500 ms MarkObjects: 3.048300 ms  DeleteObjects: 0.025800 ms)

========================================================================
Received Import Request.
  Time since last request: 65.902964 seconds.
  path: Assets/Scripts/PlatformScript.cs
  artifactKey: Guid(2164b16ffbcdf194ca9623e953795a95) Importer(815301076,1909f56bfc062723c751e8b465ee728b)
Start importing Assets/Scripts/PlatformScript.cs using Guid(2164b16ffbcdf194ca9623e953795a95) Importer(815301076,1909f56bfc062723c751e8b465ee728b)  -> (artifact id: '8021f5a2b6a7135107ae1c2e89466f25') in 0.039560 seconds
  Import took 0.045080 seconds .

========================================================================
Received Prepare
Registering precompiled user dll's ...
Registered in 0.005266 seconds.
Begin MonoManager ReloadAssembly
Native extension for WindowsStandalone target not found
Native extension for WebGL target not found
Refreshing native plugins compatible for Editor in 0.46 ms, found 0 plugins.
Preloading 0 native plugins for Editor in 0.00 ms.
Invoked RoslynAnalysisRunner static constructor.
RoslynAnalysisRunner will not be running.
RoslynAnalysisRunner has terminated.
Mono: successfully reloaded assembly
- Completed reload, in  2.676 seconds
Platform modules already initialized, skipping
Refreshing native plugins compatible for Editor in 0.45 ms, found 0 plugins.
Preloading 0 native plugins for Editor in 0.00 ms.
Unloading 1393 Unused Serialized files (Serialized files now loaded: 0)
System memory in use before: 67.4 MB.
System memory in use after: 67.5 MB.

Unloading 24 unused Assets to reduce memory usage. Loaded Objects now: 1839.
Total: 2.278500 ms (FindLiveObjects: 0.213600 ms CreateObjectMapping: 0.118000 ms MarkObjects: 1.919200 ms  DeleteObjects: 0.025900 ms)

========================================================================
Received Prepare
Registering precompiled user dll's ...
Registered in 0.005384 seconds.
Begin MonoManager ReloadAssembly
Native extension for WindowsStandalone target not found
Native extension for WebGL target not found
Refreshing native plugins compatible for Editor in 0.51 ms, found 0 plugins.
Preloading 0 native plugins for Editor in 0.00 ms.
Invoked RoslynAnalysisRunner static constructor.
RoslynAnalysisRunner will not be running.
RoslynAnalysisRunner has terminated.
Mono: successfully reloaded assembly
- Completed reload, in  1.132 seconds
Platform modules already initialized, skipping
Refreshing native plugins compatible for Editor in 0.49 ms, found 0 plugins.
Preloading 0 native plugins for Editor in 0.00 ms.
Unloading 1393 Unused Serialized files (Serialized files now loaded: 0)
System memory in use before: 67.5 MB.
System memory in use after: 67.6 MB.

Unloading 24 unused Assets to reduce memory usage. Loaded Objects now: 1842.
Total: 2.333300 ms (FindLiveObjects: 0.248700 ms CreateObjectMapping: 0.078300 ms MarkObjects: 1.940200 ms  DeleteObjects: 0.064800 ms)

========================================================================
Received Import Request.
  Time since last request: 657.751936 seconds.
  path: Assets/Scripts/PlatformScript.cs
  artifactKey: Guid(2164b16ffbcdf194ca9623e953795a95) Importer(815301076,1909f56bfc062723c751e8b465ee728b)
Start importing Assets/Scripts/PlatformScript.cs using Guid(2164b16ffbcdf194ca9623e953795a95) Importer(815301076,1909f56bfc062723c751e8b465ee728b)  -> (artifact id: 'dcd24d3b8806c1877532399e9acc2bc5') in 0.010985 seconds
  Import took 0.014797 seconds .

========================================================================
Received Prepare
Registering precompiled user dll's ...
Registered in 0.004313 seconds.
Begin MonoManager ReloadAssembly
Native extension for WindowsStandalone target not found
Native extension for WebGL target not found
Refreshing native plugins compatible for Editor in 0.43 ms, found 0 plugins.
Preloading 0 native plugins for Editor in 0.00 ms.
Invoked RoslynAnalysisRunner static constructor.
RoslynAnalysisRunner will not be running.
RoslynAnalysisRunner has terminated.
Mono: successfully reloaded assembly
- Completed reload, in  1.177 seconds
Platform modules already initialized, skipping
Refreshing native plugins compatible for Editor in 0.48 ms, found 0 plugins.
Preloading 0 native plugins for Editor in 0.00 ms.
Unloading 1393 Unused Serialized files (Serialized files now loaded: 0)
System memory in use before: 67.5 MB.
System memory in use after: 67.6 MB.

Unloading 24 unused Assets to reduce memory usage. Loaded Objects now: 1845.
Total: 2.384900 ms (FindLiveObjects: 0.230100 ms CreateObjectMapping: 0.114000 ms MarkObjects: 1.995200 ms  DeleteObjects: 0.043700 ms)

========================================================================
Received Import Request.
  Time since last request: 787.545504 seconds.
  path: Assets/Scripts/PlatformScript.cs
  artifactKey: Guid(2164b16ffbcdf194ca9623e953795a95) Importer(815301076,1909f56bfc062723c751e8b465ee728b)
Start importing Assets/Scripts/PlatformScript.cs using Guid(2164b16ffbcdf194ca9623e953795a95) Importer(815301076,1909f56bfc062723c751e8b465ee728b)  -> (artifact id: '6dd47cc77aebe3e85081e6be990040c2') in 0.046702 seconds
  Import took 0.065311 seconds .

========================================================================
Received Import Request.
  Time since last request: 0.075401 seconds.
  path: Assets/Scripts/PlatformScript.cs
  artifactKey: Guid(2164b16ffbcdf194ca9623e953795a95) Importer(815301076,1909f56bfc062723c751e8b465ee728b)
Start importing Assets/Scripts/PlatformScript.cs using Guid(2164b16ffbcdf194ca9623e953795a95) Importer(815301076,1909f56bfc062723c751e8b465ee728b)  -> (artifact id: '6dd47cc77aebe3e85081e6be990040c2') in 0.007090 seconds
  Import took 0.022721 seconds .

========================================================================
Received Prepare
Registering precompiled user dll's ...
Registered in 0.004579 seconds.
Begin MonoManager ReloadAssembly
Native extension for WindowsStandalone target not found
Native extension for WebGL target not found
Refreshing native plugins compatible for Editor in 0.47 ms, found 0 plugins.
Preloading 0 native plugins for Editor in 0.00 ms.
Invoked RoslynAnalysisRunner static constructor.
RoslynAnalysisRunner will not be running.
RoslynAnalysisRunner has terminated.
Mono: successfully reloaded assembly
- Completed reload, in  1.177 seconds
Platform modules already initialized, skipping
Refreshing native plugins compatible for Editor in 0.64 ms, found 0 plugins.
Preloading 0 native plugins for Editor in 0.00 ms.
Unloading 1393 Unused Serialized files (Serialized files now loaded: 0)
System memory in use before: 67.5 MB.
System memory in use after: 67.6 MB.

Unloading 24 unused Assets to reduce memory usage. Loaded Objects now: 1848.
Total: 2.161500 ms (FindLiveObjects: 0.243800 ms CreateObjectMapping: 0.068400 ms MarkObjects: 1.807000 ms  DeleteObjects: 0.041200 ms)

AssetImportWorkerClient::OnTransportError - code=2 error=End of file
